<?xml version="1.0" encoding="UTF-8"?>
<!-- Generated by org.testng.reporters.JUnitXMLReporter -->
<testsuite ignored="0" hostname="DESKTOP-0BH9N96" failures="0" tests="3" name="Default test" time="9.866" errors="0" timestamp="2024-05-22T06:59:56 IST">
  <testcase classname="org.qa.opencart.tests.LoginTest" name="loginPageTitleTest" time="0.135"/>
  <testcase classname="org.qa.opencart.tests.LoginTest" name="loginPageUrlTest" time="0.026"/>
  <testcase classname="org.qa.opencart.tests.LoginTest" name="loginTest" time="1.365"/>
</testsuite> <!-- Default test -->
