<?xml version="1.0" encoding="UTF-8"?>
<testng-results ignored="0" total="3" passed="3" failed="0" skipped="0">
  <reporter-output>
  </reporter-output>
  <suite started-at="2024-05-22T06:59:46 IST" name="Default suite" finished-at="2024-05-22T06:59:56 IST" duration-ms="9866">
    <groups>
    </groups>
    <test started-at="2024-05-22T06:59:46 IST" name="Default test" finished-at="2024-05-22T06:59:56 IST" duration-ms="9866">
      <class name="org.qa.opencart.tests.LoginTest">
        <test-method is-config="true" signature="setup()[pri:0, instance:org.qa.opencart.tests.LoginTest@7139992f]" started-at="2024-05-22T06:59:46 IST" name="setup" finished-at="2024-05-22T06:59:54 IST" duration-ms="7423" status="PASS">
          <reporter-output>
          </reporter-output>
        </test-method> <!-- setup -->
        <test-method signature="loginPageTitleTest()[pri:0, instance:org.qa.opencart.tests.LoginTest@7139992f]" started-at="2024-05-22T06:59:54 IST" name="loginPageTitleTest" finished-at="2024-05-22T06:59:54 IST" duration-ms="135" status="PASS">
          <reporter-output>
          </reporter-output>
        </test-method> <!-- loginPageTitleTest -->
        <test-method signature="loginPageUrlTest()[pri:1, instance:org.qa.opencart.tests.LoginTest@7139992f]" started-at="2024-05-22T06:59:54 IST" name="loginPageUrlTest" finished-at="2024-05-22T06:59:54 IST" duration-ms="26" status="PASS">
          <reporter-output>
          </reporter-output>
        </test-method> <!-- loginPageUrlTest -->
        <test-method signature="loginTest()[pri:2, instance:org.qa.opencart.tests.LoginTest@7139992f]" started-at="2024-05-22T06:59:54 IST" name="loginTest" finished-at="2024-05-22T06:59:56 IST" duration-ms="1365" status="PASS">
          <reporter-output>
          </reporter-output>
        </test-method> <!-- loginTest -->
        <test-method is-config="true" signature="tearDown()[pri:0, instance:org.qa.opencart.tests.LoginTest@7139992f]" started-at="2024-05-22T06:59:56 IST" name="tearDown" finished-at="2024-05-22T06:59:56 IST" duration-ms="527" status="PASS">
          <reporter-output>
          </reporter-output>
        </test-method> <!-- tearDown -->
      </class> <!-- org.qa.opencart.tests.LoginTest -->
    </test> <!-- Default test -->
  </suite> <!-- Default suite -->
</testng-results>
